<?xml version="1.0" encoding="UTF-8"?>
<!-- Generated by org.testng.reporters.JUnitXMLReporter -->
<testsuite hostname="Subhojit" ignored="4" name="Default test" tests="2" failures="0" timestamp="06 Apr 2020 20:21:58 GMT" time="0.126" errors="0">
  <testcase name="nonDuplicateChar" time="0.028" classname="com.qa.Java_Practics_String"/>
  <testcase name="removeDuplicateFromString" time="0.007" classname="com.qa.Java_Practics_String"/>
  <testcase name="reverseAString" time="0.0" classname="com.qa.Java_Practics_String">
    <ignored/>
  </testcase> <!-- reverseAString -->
  <testcase name="removeUnwantedCharacter" time="0.0" classname="com.qa.Java_Practics_String">
    <ignored/>
  </testcase> <!-- removeUnwantedCharacter -->
  <testcase name="reverseStringwithoutRevese" time="0.0" classname="com.qa.Java_Practics_String">
    <ignored/>
  </testcase> <!-- reverseStringwithoutRevese -->
  <testcase name="reverseWordWithoutReversingString" time="0.0" classname="com.qa.Java_Practics_String">
    <ignored/>
  </testcase> <!-- reverseWordWithoutReversingString -->
</testsuite> <!-- Default test -->
