<?xml version="1.0" encoding="UTF-8"?>
<testng-results skipped="0" failed="0" ignored="4" total="6" passed="2">
  <reporter-output>
  </reporter-output>
  <suite name="Default suite" duration-ms="126" started-at="2020-04-06T20:21:57Z" finished-at="2020-04-06T20:21:58Z">
    <groups>
    </groups>
    <test name="Default test" duration-ms="126" started-at="2020-04-06T20:21:57Z" finished-at="2020-04-06T20:21:58Z">
      <class name="com.qa.Java_Practics_String">
        <test-method status="PASS" signature="nonDuplicateChar()[pri:0, instance:com.qa.Java_Practics_String@523884b2]" name="nonDuplicateChar" duration-ms="28" started-at="2020-04-06T20:21:58Z" finished-at="2020-04-06T20:21:58Z">
          <reporter-output>
          </reporter-output>
        </test-method> <!-- nonDuplicateChar -->
        <test-method status="PASS" signature="removeDuplicateFromString()[pri:0, instance:com.qa.Java_Practics_String@523884b2]" name="removeDuplicateFromString" duration-ms="7" started-at="2020-04-06T20:21:58Z" finished-at="2020-04-06T20:21:58Z">
          <reporter-output>
          </reporter-output>
        </test-method> <!-- removeDuplicateFromString -->
      </class> <!-- com.qa.Java_Practics_String -->
    </test> <!-- Default test -->
  </suite> <!-- Default suite -->
</testng-results>
