<?xml version="1.0" encoding="UTF-8"?>
<testng-results skipped="0" failed="0" ignored="0" total="5" passed="5">
  <reporter-output>
  </reporter-output>
  <suite name="Default suite" duration-ms="158" started-at="2020-04-06T19:41:22Z" finished-at="2020-04-06T19:41:22Z">
    <groups>
    </groups>
    <test name="Default test" duration-ms="158" started-at="2020-04-06T19:41:22Z" finished-at="2020-04-06T19:41:22Z">
      <class name="com.qa.Java_Practics_String">
        <test-method status="PASS" signature="removeDuplicateFromString()[pri:0, instance:com.qa.Java_Practics_String@523884b2]" name="removeDuplicateFromString" duration-ms="30" started-at="2020-04-06T19:41:22Z" finished-at="2020-04-06T19:41:22Z">
          <reporter-output>
          </reporter-output>
        </test-method> <!-- removeDuplicateFromString -->
        <test-method status="PASS" signature="removeUnwantedCharacter()[pri:0, instance:com.qa.Java_Practics_String@523884b2]" name="removeUnwantedCharacter" duration-ms="10" started-at="2020-04-06T19:41:22Z" finished-at="2020-04-06T19:41:22Z">
          <reporter-output>
          </reporter-output>
        </test-method> <!-- removeUnwantedCharacter -->
        <test-method status="PASS" signature="reverseAString()[pri:0, instance:com.qa.Java_Practics_String@523884b2]" name="reverseAString" duration-ms="3" started-at="2020-04-06T19:41:22Z" finished-at="2020-04-06T19:41:22Z">
          <reporter-output>
          </reporter-output>
        </test-method> <!-- reverseAString -->
        <test-method status="PASS" signature="reverseStringwithoutRevese()[pri:0, instance:com.qa.Java_Practics_String@523884b2]" name="reverseStringwithoutRevese" duration-ms="6" started-at="2020-04-06T19:41:22Z" finished-at="2020-04-06T19:41:22Z">
          <reporter-output>
          </reporter-output>
        </test-method> <!-- reverseStringwithoutRevese -->
        <test-method status="PASS" signature="reverseWordWithoutReversingString()[pri:0, instance:com.qa.Java_Practics_String@523884b2]" name="reverseWordWithoutReversingString" duration-ms="6" started-at="2020-04-06T19:41:22Z" finished-at="2020-04-06T19:41:22Z">
          <reporter-output>
          </reporter-output>
        </test-method> <!-- reverseWordWithoutReversingString -->
      </class> <!-- com.qa.Java_Practics_String -->
    </test> <!-- Default test -->
  </suite> <!-- Default suite -->
</testng-results>
